<?xml version="1.0" encoding="UTF-8"?>
<testsuite name="StringReplacerTest" tests="1" skipped="0" failures="0" errors="0" timestamp="2020-03-27T00:13:04" hostname="ricky-van-xps" time="0.0">
  <properties/>
  <testcase name="stringReplacer" classname="StringReplacerTest" time="0.0"/>
  <system-out><![CDATA[]]></system-out>
  <system-err><![CDATA[]]></system-err>
</testsuite>
