<?xml version="1.0" encoding="UTF-8"?>
<testsuite name="HumanClientTest" tests="2" skipped="0" failures="0" errors="0" timestamp="2020-03-27T00:13:04" hostname="ricky-van-xps" time="0.284">
  <properties/>
  <testcase name="removeObserver" classname="HumanClientTest" time="0.278"/>
  <testcase name="addObserver" classname="HumanClientTest" time="0.006"/>
  <system-out><![CDATA[]]></system-out>
  <system-err><![CDATA[]]></system-err>
</testsuite>
